09:40:36.096 [main]  WARN  org.hyperledger.fabric.sdkintegration.SampleStore -
				Could not find the file "/tmp/HFCSampletest.properties"
09:40:36.110 [main]  WARN  org.hyperledger.fabric.sdkintegration.SampleStore -
				Could not find the file "/tmp/HFCSampletest.properties"
09:40:40.747 [grpc-default-executor-0] WARN  org.hyperledger.fabric.sdk.OrdererClient -
				onCompleted
09:40:40.747 [main]  WARN  org.hyperledger.fabric.sdk.Channel -
				Bad deliver expected status 200  got  404, Channel foo
09:40:40.972 [grpc-default-executor-0] WARN  org.hyperledger.fabric.sdk.OrdererClient -
				onCompleted
09:40:41.355 [main]  INFO  org.hyperledger.fabric.sdk.Channel -
				Peer peer0.org1.example.com joined into channel foo
09:40:41.737 [main]  INFO  org.hyperledger.fabric.sdk.Channel -
				Peer peer1.org1.example.com joined into channel foo
09:40:41.761 [grpc-default-executor-0] WARN  org.hyperledger.fabric.sdk.OrdererClient -
				onCompleted
09:40:41.774 [grpc-default-executor-0] WARN  org.hyperledger.fabric.sdk.OrdererClient -
				onCompleted
09:40:41.874 [main]  INFO  org.hyperledger.fabric.sdk.EventHub -
				done with connect for EventHub:peer0.org1.example.com
09:40:41.879 [main]  INFO  org.hyperledger.fabric.sdk.EventHub -
				done with connect for EventHub:peer1.org1.example.com
09:40:41.931 [main]  INFO  org.hyperledger.fabric.sdk.transaction.InstallProposalBuilder -
				Installing 'example_cc_java::::1'  Java chaincode chaincodePath:'' from input stream
10:07:25.599 [main]  WARN  org.hyperledger.fabric.sdkintegration.SampleStore -
				Could not find the file "/tmp/HFCSampletest.properties"
10:07:25.610 [main]  WARN  org.hyperledger.fabric.sdkintegration.SampleStore -
				Could not find the file "/tmp/HFCSampletest.properties"
10:07:29.777 [grpc-default-executor-0] WARN  org.hyperledger.fabric.sdk.OrdererClient -
				onCompleted
10:07:29.778 [main]  WARN  org.hyperledger.fabric.sdk.Channel -
				Bad deliver expected status 200  got  404, Channel foo
10:07:30.004 [grpc-default-executor-0] WARN  org.hyperledger.fabric.sdk.OrdererClient -
				onCompleted
10:07:30.366 [main]  INFO  org.hyperledger.fabric.sdk.Channel -
				Peer peer0.org1.example.com joined into channel foo
10:07:30.683 [main]  INFO  org.hyperledger.fabric.sdk.Channel -
				Peer peer1.org1.example.com joined into channel foo
10:07:30.702 [grpc-default-executor-0] WARN  org.hyperledger.fabric.sdk.OrdererClient -
				onCompleted
10:07:30.718 [grpc-default-executor-0] WARN  org.hyperledger.fabric.sdk.OrdererClient -
				onCompleted
10:07:30.798 [main]  INFO  org.hyperledger.fabric.sdk.EventHub -
				done with connect for EventHub:peer0.org1.example.com
10:07:30.814 [main]  INFO  org.hyperledger.fabric.sdk.EventHub -
				done with connect for EventHub:peer1.org1.example.com
10:07:30.854 [main]  INFO  org.hyperledger.fabric.sdk.transaction.InstallProposalBuilder -
				Installing 'example_cc_java::::1'  Java chaincode chaincodePath:'' from input stream
10:17:38.876 [main]  INFO  example.SimpleChaincode -
				Test logs-------------------
10:17:38.890 [main]  ERROR org.hyperledger.fabric.shim.ChaincodeBase -
				The chaincode id must be specified using either the -i or --i command line options or the CORE_CHAINCODE_ID_NAME environment variable.
10:17:39.049 [Thread-0] INFO  org.hyperledger.fabric.shim.ChaincodeBase -
				Configuring channel connection to peer.
10:24:55.902 [main]  WARN  org.hyperledger.fabric.sdkintegration.SampleStore -
				Could not find the file "/tmp/HFCSampletest.properties"
10:24:55.913 [main]  WARN  org.hyperledger.fabric.sdkintegration.SampleStore -
				Could not find the file "/tmp/HFCSampletest.properties"
10:25:00.058 [grpc-default-executor-0] WARN  org.hyperledger.fabric.sdk.OrdererClient -
				onCompleted
10:25:00.065 [main]  WARN  org.hyperledger.fabric.sdk.Channel -
				Bad deliver expected status 200  got  404, Channel foo
10:25:00.297 [grpc-default-executor-0] WARN  org.hyperledger.fabric.sdk.OrdererClient -
				onCompleted
10:25:00.682 [main]  INFO  org.hyperledger.fabric.sdk.Channel -
				Peer peer0.org1.example.com joined into channel foo
10:25:01.003 [main]  INFO  org.hyperledger.fabric.sdk.Channel -
				Peer peer1.org1.example.com joined into channel foo
10:25:01.022 [grpc-default-executor-0] WARN  org.hyperledger.fabric.sdk.OrdererClient -
				onCompleted
10:25:01.039 [grpc-default-executor-0] WARN  org.hyperledger.fabric.sdk.OrdererClient -
				onCompleted
10:25:01.120 [main]  INFO  org.hyperledger.fabric.sdk.EventHub -
				done with connect for EventHub:peer0.org1.example.com
10:25:01.135 [main]  INFO  org.hyperledger.fabric.sdk.EventHub -
				done with connect for EventHub:peer1.org1.example.com
10:25:01.183 [main]  INFO  org.hyperledger.fabric.sdk.transaction.InstallProposalBuilder -
				Installing 'example_cc_java::::1'  Java chaincode chaincodePath:'' from input stream
10:40:55.637 [main]  WARN  org.hyperledger.fabric.sdkintegration.SampleStore -
				Could not find the file "/tmp/HFCSampletest.properties"
10:40:55.648 [main]  WARN  org.hyperledger.fabric.sdkintegration.SampleStore -
				Could not find the file "/tmp/HFCSampletest.properties"
10:40:59.587 [grpc-default-executor-0] WARN  org.hyperledger.fabric.sdk.OrdererClient -
				onCompleted
10:40:59.592 [main]  WARN  org.hyperledger.fabric.sdk.Channel -
				Bad deliver expected status 200  got  404, Channel foo
10:40:59.826 [grpc-default-executor-0] WARN  org.hyperledger.fabric.sdk.OrdererClient -
				onCompleted
10:41:00.295 [main]  INFO  org.hyperledger.fabric.sdk.Channel -
				Peer peer0.org1.example.com joined into channel foo
10:41:00.648 [main]  INFO  org.hyperledger.fabric.sdk.Channel -
				Peer peer1.org1.example.com joined into channel foo
10:41:00.664 [grpc-default-executor-0] WARN  org.hyperledger.fabric.sdk.OrdererClient -
				onCompleted
10:41:00.677 [grpc-default-executor-0] WARN  org.hyperledger.fabric.sdk.OrdererClient -
				onCompleted
10:41:00.749 [main]  INFO  org.hyperledger.fabric.sdk.EventHub -
				done with connect for EventHub:peer0.org1.example.com
10:41:00.755 [main]  INFO  org.hyperledger.fabric.sdk.EventHub -
				done with connect for EventHub:peer1.org1.example.com
10:41:00.799 [main]  INFO  org.hyperledger.fabric.sdk.transaction.InstallProposalBuilder -
				Installing 'example_cc_java::::1'  Java chaincode chaincodePath:'' from input stream
10:44:19.639 [grpc-default-executor-3] WARN  org.hyperledger.fabric.sdk.OrdererClient -
				onCompleted
10:44:19.642 [main]  WARN  org.hyperledger.fabric.sdk.Channel -
				Bad deliver expected status 200  got  404, Channel bar
10:44:19.852 [grpc-default-executor-3] WARN  org.hyperledger.fabric.sdk.OrdererClient -
				onCompleted
10:44:19.852 [main]  WARN  org.hyperledger.fabric.sdk.Channel -
				Bad deliver expected status 200  got  404, Channel bar
10:44:20.067 [grpc-default-executor-3] WARN  org.hyperledger.fabric.sdk.OrdererClient -
				onCompleted
10:44:20.387 [main]  INFO  org.hyperledger.fabric.sdk.Channel -
				Peer peer0.org2.example.com joined into channel bar
10:44:20.699 [main]  INFO  org.hyperledger.fabric.sdk.Channel -
				Peer peer1.org2.example.com joined into channel bar
10:44:20.717 [grpc-default-executor-3] WARN  org.hyperledger.fabric.sdk.OrdererClient -
				onCompleted
10:44:20.734 [grpc-default-executor-3] WARN  org.hyperledger.fabric.sdk.OrdererClient -
				onCompleted
10:44:20.755 [main]  INFO  org.hyperledger.fabric.sdk.EventHub -
				done with connect for EventHub:peer0.org2.example.com
10:44:20.761 [main]  INFO  org.hyperledger.fabric.sdk.EventHub -
				done with connect for EventHub:peer1.org2.example.com
10:44:20.771 [main]  INFO  org.hyperledger.fabric.sdk.transaction.InstallProposalBuilder -
				Installing 'example_cc_java::::1'  Java chaincode chaincodePath:'' from input stream
